TN:
SF:/Users/ashtonkellis/codefellows/401/02-Lists-From-Scratch/src/lib/list.js
FN:4,(anonymous_0)
FN:8,(anonymous_1)
FN:17,(anonymous_2)
FN:33,(anonymous_3)
FNF:4
FNH:4
FNDA:8,(anonymous_0)
FNDA:15,(anonymous_1)
FNDA:3,(anonymous_2)
FNDA:2,(anonymous_3)
DA:3,1
DA:5,8
DA:9,15
DA:10,52
DA:11,52
DA:14,15
DA:18,3
DA:19,1
DA:22,2
DA:23,1
DA:26,1
DA:27,1
DA:28,6
DA:30,1
DA:34,2
DA:35,0
DA:38,2
DA:39,1
DA:42,2
DA:43,12
DA:45,2
LF:21
LH:20
BRDA:18,0,0,1
BRDA:18,0,1,2
BRDA:22,1,0,1
BRDA:22,1,1,1
BRDA:34,2,0,0
BRDA:34,2,1,2
BRDA:38,3,0,1
BRDA:38,3,1,1
BRF:8
BRH:7
end_of_record
